PLINK v2.00a3 AVX2 (15 Mar 2022)
Options in effect:
  --allow-extra-chr
  --make-bed
  --out EBV_filteredSNPs
  --threads 5
  --vcf EBV_filteredSNPs.vcf

Hostname: maestro-1129
Working directory: /pasteur/helix/projects/Hotpaleo/yaxal/RawData/AboriginalMicrobiome/epstein-barr-virus/human-herpesvirus-4/nextflow/HHV4/EBV_T2/resultsEBVT2/plink
Start time: Thu Feb 27 21:24:04 2025

Random number seed: 1740687844
514763 MiB RAM detected; reserving 257381 MiB for main workspace.
Using up to 5 compute threads.
--vcf: 10741 variants scanned.
--vcf: EBV_filteredSNPs-temporary.pgen + EBV_filteredSNPs-temporary.pvar.zst +
EBV_filteredSNPs-temporary.psam written.
240 samples (0 females, 0 males, 240 ambiguous; 240 founders) loaded from
EBV_filteredSNPs-temporary.psam.
10741 variants loaded from EBV_filteredSNPs-temporary.pvar.zst.
Note: No phenotype data present.
Writing EBV_filteredSNPs.fam ... done.
Writing EBV_filteredSNPs.bim ... done.
Writing EBV_filteredSNPs.bed ... done.

End time: Thu Feb 27 21:24:04 2025
